[00:41:03] [main/INFO]: ModLauncher running: args [--username, BBQQ_YT, --version, шиза 5.0, --gameDir, F:\TL\.minecraft\versions\шиза 5.0, --assetsDir, F:\TL\.minecraft\assets, --assetIndex, 1.16, --uuid, 87874252-93ca-11eb-90a8-d45d64bce613, --accessToken, ????????, --userType, mojang, --versionType, release, --width, 925, --height, 530, --launchTarget, fmlclient, --fml.forgeVersion, 36.2.34, --fml.mcVersion, 1.16.5, --fml.forgeGroup, net.minecraftforge, --fml.mcpVersion, 20210115.111550, -XX:+CMSIncrementalPacing, -XX:+UseBiasedLocking, -XX:+AggressiveOpts, -XX:+OptimizeFill, -XX:+UseFastAccessorMethods, -XX:+UseThreadPriorities, -XX:ParallelGCThreads=6]
[00:41:03] [main/INFO]: ModLauncher 8.1.3+8.1.3+main-8.1.x.c94d18ec starting: java version 1.8.0_51 by Oracle Corporation
[00:41:03] [main/WARN]: LEGACY JDK DETECTED, SECURED JAR HANDLING DISABLED
[00:41:07] [main/INFO]: Added Lets Encrypt root certificates as additional trust
[00:41:07] [main/INFO]: SpongePowered MIXIN Subsystem Version=0.8.4 Source=file:/F:/TL/.minecraft/libraries/org/spongepowered/mixin/0.8.4/mixin-0.8.4.jar Service=ModLauncher Env=CLIENT
[00:41:10] [main/INFO]: [org.antlr.v4.runtime.ConsoleErrorListener:syntaxError:38]: line 1:147 token recognition error at: '>'
[00:41:10] [main/INFO]: [org.antlr.v4.runtime.ConsoleErrorListener:syntaxError:38]: line 1:148 token recognition error at: ';'
[00:41:10] [main/INFO]: [org.antlr.v4.runtime.ConsoleErrorListener:syntaxError:38]: line 1:0 token recognition error at: '/'
[00:41:10] [main/INFO]: [org.antlr.v4.runtime.ConsoleErrorListener:syntaxError:38]: line 1:1 token recognition error at: '/'
[00:41:11] [main/ERROR]: Mixin config lithium.mixins.json does not specify "minVersion" property
[00:41:11] [main/INFO]: Successfully loaded Mixin Connector [vazkii.patchouli.common.MixinConnector]
[00:41:11] [main/INFO]: Successfully loaded Mixin Connector [com.performant.coremod.mixin.Connector]
[00:41:11] [main/INFO]: Launching target 'fmlclient' with arguments [--version, шиза 5.0, --gameDir, F:\TL\.minecraft\versions\шиза 5.0, --assetsDir, F:\TL\.minecraft\assets, --uuid, 87874252-93ca-11eb-90a8-d45d64bce613, --username, BBQQ_YT, --assetIndex, 1.16, --accessToken, ????????, --userType, mojang, --versionType, release, --width, 925, --height, 530, -XX:+CMSIncrementalPacing, -XX:+UseBiasedLocking, -XX:+AggressiveOpts, -XX:+OptimizeFill, -XX:+UseFastAccessorMethods, -XX:+UseThreadPriorities, -XX:ParallelGCThreads=6]
[00:41:11] [main/WARN]: Reference map 'toyguns.refmap.json' for toyguns.mixins.json could not be read. If this is a development environment you can ignore this message
[00:41:11] [main/INFO]: Loaded configuration file for ModernFix 5.9.3+mc1.16.5: 81 options available, 4 override(s) found
[00:41:11] [main/WARN]: Option 'mixin.bugfix.remove_block_chunkloading' overriden (by mods [performant]) to 'false'
[00:41:11] [main/WARN]: Option 'mixin.perf.deduplicate_location' overriden (by user configuration) to 'true'
[00:41:11] [main/WARN]: Option 'mixin.bugfix.mc218112' overriden (by mods [performant]) to 'false'
[00:41:11] [main/WARN]: Option 'mixin.bugfix.packet_leak' overriden (by user configuration) to 'true'
[00:41:13] [main/INFO]: Applied Forge config corruption patch
[00:41:13] [main/INFO]: Loaded configuration file for Sodium: 24 options available, 1 override(s) found
[00:41:13] [main/WARN]: Reference map 'archaicguns.refmap.json' for archaicguns.mixins.json could not be read. If this is a development environment you can ignore this message
[00:41:13] [main/INFO]: Loaded configuration file for Lithium: 80 options available, 0 override(s) found
[00:41:13] [main/INFO]: Performant configs loaded
[00:41:14] [main/INFO]: Patching ItemStack#onItemUse
[00:41:14] [main/INFO]: Patching LootTableManager#apply
[00:41:14] [main/INFO]: Transforming class: net.minecraft.entity.Entity
[00:41:14] [main/WARN]: Force-disabling mixin 'features.item.MixinItemRenderer' as rule 'mixin.features.item' (added by mods [twilightforest]) disables it and children
[00:41:14] [main/INFO]: Transforming method: cubeInFrustum net.minecraft.client.renderer.culling.ClippingHelper
[00:41:14] [main/INFO]: Transforming method: setupTerrain net.minecraft.client.renderer.WorldRenderer
[00:41:14] [main/INFO]: Transforming method: updateCameraAndRender net.minecraft.client.renderer.WorldRenderer
[00:41:14] [main/INFO]: Patching LivingEntity#attackEntityFrom
[00:41:15] [main/INFO]: Patching ModelBakery#<init>
[00:41:15] [main/INFO]: Transforming class: net.minecraft.tileentity.TileEntity
[00:41:15] [main/WARN]: Error loading class: net/optifine/shaders/Shaders (java.lang.ClassNotFoundException: null)
[00:41:15] [main/WARN]: Error loading class: me/cominixo/betterf3/modules/TargetModule (java.lang.ClassNotFoundException: null)
[00:41:15] [main/WARN]: @Mixin target me.cominixo.betterf3.modules.TargetModule was not found securitycraft.mixins.json:f3.BetterF3TargetModuleMixin
[00:41:15] [main/WARN]: Error loading class: dev/ftb/mods/ftbchunks/data/ClaimedChunkManager (java.lang.ClassNotFoundException: null)
[00:41:15] [main/WARN]: @Mixin target dev.ftb.mods.ftbchunks.data.ClaimedChunkManager was not found doespotatotick.mixins.json:ClaimedChunkManagerMixin
[00:41:15] [main/INFO]: Not enabling mixin forcom.performant.coremod.mixin.entity.LivingEntityUpdateEventMixin as config disables it.
[00:41:15] [main/INFO]: Not enabling mixin forcom.performant.coremod.mixin.forge.BasicEventHooksMixin as config disables it.
[00:41:15] [main/INFO]: Not enabling mixin forcom.performant.coremod.mixin.world.WorldMixin as config disables it.
[00:41:15] [main/INFO]: [MemoryLeakFix] Will be applying 5 memory leak fixes!
[00:41:15] [main/INFO]: [MemoryLeakFix] Currently enabled memory leak fixes: [targetEntityLeak, readResourcesLeak, entityMemoriesLeak, biomeTemperatureLeak, drownedNavigationLeak]
[00:41:15] [main/INFO]: [net.minecraft.client.main.Main:main:80]: Completely ignored arguments: [-XX:+CMSIncrementalPacing, -XX:+UseBiasedLocking, -XX:+AggressiveOpts, -XX:+OptimizeFill, -XX:+UseFastAccessorMethods, -XX:+UseThreadPriorities, -XX:ParallelGCThreads=6]
[00:41:16] [pool-4-thread-1/INFO]: ModernFix reached bootstrap stage (12.91 s after launch)
[00:41:16] [pool-4-thread-1/FATAL]: Mixin apply failed lithium.mixins.json:gen.features.StructureFeatureMixin -> net.minecraft.world.gen.feature.structure.Structure: org.spongepowered.asm.mixin.injection.throwables.InvalidInjectionException @At("INVOKE") on net/minecraft/world/gen/feature/structure/Structure::biomeConditionalGetChunk with priority 1000 cannot inject into net/minecraft/world/gen/feature/structure/Structure::func_236388_a_(Lnet/minecraft/world/IWorldReader;Lnet/minecraft/world/gen/feature/structure/StructureManager;Lnet/minecraft/util/math/BlockPos;IZJLnet/minecraft/world/gen/settings/StructureSeparationSettings;)Lnet/minecraft/util/math/BlockPos; merged by com.performant.coremod.mixin.world.StructureMixin with priority 1000 [PREINJECT Applicator Phase -> lithium.mixins.json:gen.features.StructureFeatureMixin -> Prepare Injections ->  -> redirect$bbd000$biomeConditionalGetChunk(Lnet/minecraft/world/IWorldReader;IILnet/minecraft/world/chunk/ChunkStatus;)Lnet/minecraft/world/chunk/IChunk; -> Prepare]
org.spongepowered.asm.mixin.injection.throwables.InvalidInjectionException: @At("INVOKE") on net/minecraft/world/gen/feature/structure/Structure::biomeConditionalGetChunk with priority 1000 cannot inject into net/minecraft/world/gen/feature/structure/Structure::func_236388_a_(Lnet/minecraft/world/IWorldReader;Lnet/minecraft/world/gen/feature/structure/StructureManager;Lnet/minecraft/util/math/BlockPos;IZJLnet/minecraft/world/gen/settings/StructureSeparationSettings;)Lnet/minecraft/util/math/BlockPos; merged by com.performant.coremod.mixin.world.StructureMixin with priority 1000 [PREINJECT Applicator Phase -> lithium.mixins.json:gen.features.StructureFeatureMixin -> Prepare Injections ->  -> redirect$bbd000$biomeConditionalGetChunk(Lnet/minecraft/world/IWorldReader;IILnet/minecraft/world/chunk/ChunkStatus;)Lnet/minecraft/world/chunk/IChunk; -> Prepare]
	at org.spongepowered.asm.mixin.injection.code.Injector.findTargetNodes(Injector.java:305) ~[mixin-0.8.4.jar:0.8.4+Jenkins-b308.git-2accda5000f7602229606b39437565542cc6fba4]
	at org.spongepowered.asm.mixin.injection.code.Injector.find(Injector.java:240) ~[mixin-0.8.4.jar:0.8.4+Jenkins-b308.git-2accda5000f7602229606b39437565542cc6fba4]
	at org.spongepowered.asm.mixin.injection.struct.InjectionInfo.prepare(InjectionInfo.java:421) ~[mixin-0.8.4.jar:0.8.4+Jenkins-b308.git-2accda5000f7602229606b39437565542cc6fba4]
	at org.spongepowered.asm.mixin.transformer.MixinTargetContext.prepareInjections(MixinTargetContext.java:1319) ~[mixin-0.8.4.jar:0.8.4+Jenkins-b308.git-2accda5000f7602229606b39437565542cc6fba4]
	at org.spongepowered.asm.mixin.transformer.MixinApplicatorStandard.prepareInjections(MixinApplicatorStandard.java:1042) ~[mixin-0.8.4.jar:0.8.4+Jenkins-b308.git-2accda5000f7602229606b39437565542cc6fba4]
	at org.spongepowered.asm.mixin.transformer.MixinApplicatorStandard.applyMixin(MixinApplicatorStandard.java:393) ~[mixin-0.8.4.jar:0.8.4+Jenkins-b308.git-2accda5000f7602229606b39437565542cc6fba4]
	at org.spongepowered.asm.mixin.transformer.MixinApplicatorStandard.apply(MixinApplicatorStandard.java:325) ~[mixin-0.8.4.jar:0.8.4+Jenkins-b308.git-2accda5000f7602229606b39437565542cc6fba4]
	at org.spongepowered.asm.mixin.transformer.TargetClassContext.apply(TargetClassContext.java:383) ~[mixin-0.8.4.jar:0.8.4+Jenkins-b308.git-2accda5000f7602229606b39437565542cc6fba4]
	at org.spongepowered.asm.mixin.transformer.TargetClassContext.applyMixins(TargetClassContext.java:365) ~[mixin-0.8.4.jar:0.8.4+Jenkins-b308.git-2accda5000f7602229606b39437565542cc6fba4]
	at org.spongepowered.asm.mixin.transformer.MixinProcessor.applyMixins(MixinProcessor.java:363) [mixin-0.8.4.jar:0.8.4+Jenkins-b308.git-2accda5000f7602229606b39437565542cc6fba4]
	at org.spongepowered.asm.mixin.transformer.MixinTransformer.transformClass(MixinTransformer.java:250) [mixin-0.8.4.jar:0.8.4+Jenkins-b308.git-2accda5000f7602229606b39437565542cc6fba4]
	at org.spongepowered.asm.service.modlauncher.MixinTransformationHandler.processClass(MixinTransformationHandler.java:131) [mixin-0.8.4.jar:0.8.4+Jenkins-b308.git-2accda5000f7602229606b39437565542cc6fba4]
	at org.spongepowered.asm.launch.MixinLaunchPluginLegacy.processClass(MixinLaunchPluginLegacy.java:131) [mixin-0.8.4.jar:0.8.4+Jenkins-b308.git-2accda5000f7602229606b39437565542cc6fba4]
	at cpw.mods.modlauncher.serviceapi.ILaunchPluginService.processClassWithFlags(ILaunchPluginService.java:154) [modlauncher-8.1.3.jar:8.1.3+8.1.3+main-8.1.x.c94d18ec]
	at cpw.mods.modlauncher.LaunchPluginHandler.offerClassNodeToPlugins(LaunchPluginHandler.java:85) [modlauncher-8.1.3.jar:?]
	at cpw.mods.modlauncher.ClassTransformer.transform(ClassTransformer.java:120) [modlauncher-8.1.3.jar:?]
	at cpw.mods.modlauncher.TransformingClassLoader$DelegatedClassLoader.findClass(TransformingClassLoader.java:265) [modlauncher-8.1.3.jar:?]
	at cpw.mods.modlauncher.TransformingClassLoader.loadClass(TransformingClassLoader.java:136) [modlauncher-8.1.3.jar:?]
	at cpw.mods.modlauncher.TransformingClassLoader.loadClass(TransformingClassLoader.java:98) [modlauncher-8.1.3.jar:?]
	at java.lang.ClassLoader.loadClass(ClassLoader.java:357) [?:1.8.0_51]
	at net.minecraftforge.registries.GameData.init(GameData.java:178) [?:?]
	at net.minecraftforge.registries.GameData.<clinit>(GameData.java:132) [?:?]
	at net.minecraft.util.registry.Registry.forge(Registry.java:347) [?:?]
	at net.minecraft.util.registry.Registry.forge(Registry.java:331) [?:?]
	at net.minecraft.util.registry.Registry.<clinit>(Registry.java:140) [?:?]
	at net.minecraft.util.registry.Bootstrap.func_151354_b(Bootstrap.java:38) [?:?]
	at net.minecraft.client.main.Main.lambda$main$0(Main.java:123) [?:?]
	at net.minecraft.client.main.Main$$Lambda$703/2002534484.run(Unknown Source) [?:?]
	at java.util.concurrent.Executors$RunnableAdapter.call(Executors.java:511) [?:1.8.0_51]
	at java.util.concurrent.FutureTask.run(FutureTask.java:266) [?:1.8.0_51]
	at java.util.concurrent.ThreadPoolExecutor.runWorker(ThreadPoolExecutor.java:1142) [?:1.8.0_51]
	at java.util.concurrent.ThreadPoolExecutor$Worker.run(ThreadPoolExecutor.java:617) [?:1.8.0_51]
	at java.lang.Thread.run(Thread.java:745) [?:1.8.0_51]
[00:41:16] [main/INFO]: [java.lang.ThreadGroup:uncaughtException:1052]: java.lang.RuntimeException: java.lang.reflect.InvocationTargetException
[00:41:16] [main/INFO]: [java.lang.ThreadGroup:uncaughtException:1052]: 	at cpw.mods.modlauncher.LaunchServiceHandlerDecorator.launch(LaunchServiceHandlerDecorator.java:39)
[00:41:16] [main/INFO]: [java.lang.ThreadGroup:uncaughtException:1052]: 	at cpw.mods.modlauncher.LaunchServiceHandler.launch(LaunchServiceHandler.java:54)
[00:41:16] [main/INFO]: [java.lang.ThreadGroup:uncaughtException:1052]: 	at cpw.mods.modlauncher.LaunchServiceHandler.launch(LaunchServiceHandler.java:72)
[00:41:16] [main/INFO]: [java.lang.ThreadGroup:uncaughtException:1052]: 	at cpw.mods.modlauncher.Launcher.run(Launcher.java:82)
[00:41:16] [main/INFO]: [java.lang.ThreadGroup:uncaughtException:1052]: 	at cpw.mods.modlauncher.Launcher.main(Launcher.java:66)
[00:41:16] [main/INFO]: [java.lang.ThreadGroup:uncaughtException:1061]: Caused by: java.lang.reflect.InvocationTargetException
[00:41:16] [main/INFO]: [java.lang.ThreadGroup:uncaughtException:1061]: 	at sun.reflect.NativeMethodAccessorImpl.invoke0(Native Method)
[00:41:16] [main/INFO]: [java.lang.ThreadGroup:uncaughtException:1061]: 	at sun.reflect.NativeMethodAccessorImpl.invoke(NativeMethodAccessorImpl.java:62)
[00:41:16] [main/INFO]: [java.lang.ThreadGroup:uncaughtException:1061]: 	at sun.reflect.DelegatingMethodAccessorImpl.invoke(DelegatingMethodAccessorImpl.java:43)
[00:41:16] [main/INFO]: [java.lang.ThreadGroup:uncaughtException:1061]: 	at java.lang.reflect.Method.invoke(Method.java:497)
[00:41:16] [main/INFO]: [java.lang.ThreadGroup:uncaughtException:1061]: 	at net.minecraftforge.fml.loading.FMLClientLaunchProvider.lambda$launchService$0(FMLClientLaunchProvider.java:51)
[00:41:16] [main/INFO]: [java.lang.ThreadGroup:uncaughtException:1061]: 	at net.minecraftforge.fml.loading.FMLClientLaunchProvider$$Lambda$496/1741892180.call(Unknown Source)
[00:41:16] [main/INFO]: [java.lang.ThreadGroup:uncaughtException:1061]: 	at cpw.mods.modlauncher.LaunchServiceHandlerDecorator.launch(LaunchServiceHandlerDecorator.java:37)
[00:41:16] [main/INFO]: [java.lang.ThreadGroup:uncaughtException:1061]: 	... 4 more
[00:41:16] [main/INFO]: [java.lang.Throwable:printStackTrace:643]: Caused by: java.lang.RuntimeException: org.spongepowered.asm.mixin.transformer.throwables.MixinTransformerError: An unexpected critical error was encountered
[00:41:16] [main/INFO]: [java.lang.Throwable:printStackTrace:643]: 	at net.minecraftforge.fml.loading.BackgroundWaiter.runAndTick(BackgroundWaiter.java:43)
[00:41:16] [main/INFO]: [java.lang.Throwable:printStackTrace:643]: 	at net.minecraft.client.main.Main.main(Main.java:123)
[00:41:16] [main/INFO]: [java.lang.Throwable:printStackTrace:643]: 	... 11 more
[00:41:16] [main/INFO]: [java.lang.Throwable:printStackTrace:667]: Caused by: org.spongepowered.asm.mixin.transformer.throwables.MixinTransformerError: An unexpected critical error was encountered
[00:41:16] [main/INFO]: [java.lang.Throwable:printStackTrace:667]: 	at org.spongepowered.asm.mixin.transformer.MixinProcessor.applyMixins(MixinProcessor.java:392)
[00:41:16] [main/INFO]: [java.lang.Throwable:printStackTrace:667]: 	at org.spongepowered.asm.mixin.transformer.MixinTransformer.transformClass(MixinTransformer.java:250)
[00:41:16] [main/INFO]: [java.lang.Throwable:printStackTrace:667]: 	at org.spongepowered.asm.service.modlauncher.MixinTransformationHandler.processClass(MixinTransformationHandler.java:131)
[00:41:16] [main/INFO]: [java.lang.Throwable:printStackTrace:667]: 	at org.spongepowered.asm.launch.MixinLaunchPluginLegacy.processClass(MixinLaunchPluginLegacy.java:131)
[00:41:16] [main/INFO]: [java.lang.Throwable:printStackTrace:667]: 	at cpw.mods.modlauncher.serviceapi.ILaunchPluginService.processClassWithFlags(ILaunchPluginService.java:154)
[00:41:16] [main/INFO]: [java.lang.Throwable:printStackTrace:667]: 	at cpw.mods.modlauncher.LaunchPluginHandler.offerClassNodeToPlugins(LaunchPluginHandler.java:85)
[00:41:16] [main/INFO]: [java.lang.Throwable:printStackTrace:667]: 	at cpw.mods.modlauncher.ClassTransformer.transform(ClassTransformer.java:120)
[00:41:16] [main/INFO]: [java.lang.Throwable:printStackTrace:667]: 	at cpw.mods.modlauncher.TransformingClassLoader$DelegatedClassLoader.findClass(TransformingClassLoader.java:265)
[00:41:16] [main/INFO]: [java.lang.Throwable:printStackTrace:667]: 	at cpw.mods.modlauncher.TransformingClassLoader.loadClass(TransformingClassLoader.java:136)
[00:41:16] [main/INFO]: [java.lang.Throwable:printStackTrace:667]: 	at cpw.mods.modlauncher.TransformingClassLoader.loadClass(TransformingClassLoader.java:98)
[00:41:16] [main/INFO]: [java.lang.Throwable:printStackTrace:667]: 	at java.lang.ClassLoader.loadClass(ClassLoader.java:357)
[00:41:16] [main/INFO]: [java.lang.Throwable:printStackTrace:667]: 	at net.minecraftforge.registries.GameData.init(GameData.java:178)
[00:41:16] [main/INFO]: [java.lang.Throwable:printStackTrace:667]: 	at net.minecraftforge.registries.GameData.<clinit>(GameData.java:132)
[00:41:16] [main/INFO]: [java.lang.Throwable:printStackTrace:667]: 	at net.minecraft.util.registry.Registry.forge(Registry.java:347)
[00:41:16] [main/INFO]: [java.lang.Throwable:printStackTrace:667]: 	at net.minecraft.util.registry.Registry.forge(Registry.java:331)
[00:41:16] [main/INFO]: [java.lang.Throwable:printStackTrace:667]: 	at net.minecraft.util.registry.Registry.<clinit>(Registry.java:140)
[00:41:16] [main/INFO]: [java.lang.Throwable:printStackTrace:667]: 	at net.minecraft.util.registry.Bootstrap.func_151354_b(Bootstrap.java:38)
[00:41:16] [main/INFO]: [java.lang.Throwable:printStackTrace:667]: 	at net.minecraft.client.main.Main.lambda$main$0(Main.java:123)
[00:41:16] [main/INFO]: [java.lang.Throwable:printStackTrace:667]: 	at net.minecraft.client.main.Main$$Lambda$703/2002534484.run(Unknown Source)
[00:41:16] [main/INFO]: [java.lang.Throwable:printStackTrace:667]: 	at java.util.concurrent.Executors$RunnableAdapter.call(Executors.java:511)
[00:41:16] [main/INFO]: [java.lang.Throwable:printStackTrace:667]: 	at java.util.concurrent.FutureTask.run(FutureTask.java:266)
[00:41:16] [main/INFO]: [java.lang.Throwable:printStackTrace:667]: 	at java.util.concurrent.ThreadPoolExecutor.runWorker(ThreadPoolExecutor.java:1142)
[00:41:16] [main/INFO]: [java.lang.Throwable:printStackTrace:667]: 	at java.util.concurrent.ThreadPoolExecutor$Worker.run(ThreadPoolExecutor.java:617)
[00:41:16] [main/INFO]: [java.lang.Throwable:printStackTrace:667]: 	at java.lang.Thread.run(Thread.java:745)
[00:41:16] [main/INFO]: [java.lang.Throwable:printEnclosedStackTrace:709]: Caused by: org.spongepowered.asm.mixin.throwables.MixinApplyError: Mixin [lithium.mixins.json:gen.features.StructureFeatureMixin] from phase [DEFAULT] in config [lithium.mixins.json] FAILED during APPLY
[00:41:16] [main/INFO]: [java.lang.Throwable:printEnclosedStackTrace:709]: 	at org.spongepowered.asm.mixin.transformer.MixinProcessor.handleMixinError(MixinProcessor.java:636)
[00:41:16] [main/INFO]: [java.lang.Throwable:printEnclosedStackTrace:709]: 	at org.spongepowered.asm.mixin.transformer.MixinProcessor.handleMixinApplyError(MixinProcessor.java:588)
[00:41:16] [main/INFO]: [java.lang.Throwable:printEnclosedStackTrace:709]: 	at org.spongepowered.asm.mixin.transformer.MixinProcessor.applyMixins(MixinProcessor.java:379)
[00:41:16] [main/INFO]: [java.lang.Throwable:printEnclosedStackTrace:709]: 	... 23 more
[00:41:16] [main/INFO]: [java.lang.Throwable:printEnclosedStackTrace:709]: Caused by: org.spongepowered.asm.mixin.injection.throwables.InvalidInjectionException: @At("INVOKE") on net/minecraft/world/gen/feature/structure/Structure::biomeConditionalGetChunk with priority 1000 cannot inject into net/minecraft/world/gen/feature/structure/Structure::func_236388_a_(Lnet/minecraft/world/IWorldReader;Lnet/minecraft/world/gen/feature/structure/StructureManager;Lnet/minecraft/util/math/BlockPos;IZJLnet/minecraft/world/gen/settings/StructureSeparationSettings;)Lnet/minecraft/util/math/BlockPos; merged by com.performant.coremod.mixin.world.StructureMixin with priority 1000 [PREINJECT Applicator Phase -> lithium.mixins.json:gen.features.StructureFeatureMixin -> Prepare Injections ->  -> redirect$bbd000$biomeConditionalGetChunk(Lnet/minecraft/world/IWorldReader;IILnet/minecraft/world/chunk/ChunkStatus;)Lnet/minecraft/world/chunk/IChunk; -> Prepare]
[00:41:16] [main/INFO]: [java.lang.Throwable:printEnclosedStackTrace:709]: 	at org.spongepowered.asm.mixin.injection.code.Injector.findTargetNodes(Injector.java:305)
[00:41:16] [main/INFO]: [java.lang.Throwable:printEnclosedStackTrace:709]: 	at org.spongepowered.asm.mixin.injection.code.Injector.find(Injector.java:240)
[00:41:16] [main/INFO]: [java.lang.Throwable:printEnclosedStackTrace:709]: 	at org.spongepowered.asm.mixin.injection.struct.InjectionInfo.prepare(InjectionInfo.java:421)
[00:41:16] [main/INFO]: [java.lang.Throwable:printEnclosedStackTrace:709]: 	at org.spongepowered.asm.mixin.transformer.MixinTargetContext.prepareInjections(MixinTargetContext.java:1319)
[00:41:16] [main/INFO]: [java.lang.Throwable:printEnclosedStackTrace:709]: 	at org.spongepowered.asm.mixin.transformer.MixinApplicatorStandard.prepareInjections(MixinApplicatorStandard.java:1042)
[00:41:16] [main/INFO]: [java.lang.Throwable:printEnclosedStackTrace:709]: 	at org.spongepowered.asm.mixin.transformer.MixinApplicatorStandard.applyMixin(MixinApplicatorStandard.java:393)
[00:41:16] [main/INFO]: [java.lang.Throwable:printEnclosedStackTrace:709]: 	at org.spongepowered.asm.mixin.transformer.MixinApplicatorStandard.apply(MixinApplicatorStandard.java:325)
[00:41:16] [main/INFO]: [java.lang.Throwable:printEnclosedStackTrace:709]: 	at org.spongepowered.asm.mixin.transformer.TargetClassContext.apply(TargetClassContext.java:383)
[00:41:16] [main/INFO]: [java.lang.Throwable:printEnclosedStackTrace:709]: 	at org.spongepowered.asm.mixin.transformer.TargetClassContext.applyMixins(TargetClassContext.java:365)
[00:41:16] [main/INFO]: [java.lang.Throwable:printEnclosedStackTrace:709]: 	at org.spongepowered.asm.mixin.transformer.MixinProcessor.applyMixins(MixinProcessor.java:363)
[00:41:16] [main/INFO]: [java.lang.Throwable:printEnclosedStackTrace:709]: 	... 23 more
